<?xml version="1.0" encoding="utf-8"?><testsuites name="pytest tests"><testsuite name="pytest" errors="0" failures="0" skipped="0" tests="5" time="1.050" timestamp="2026-08-13T15:20:41.478000+00:00" hostname="agent-env-32d399f4-c230-484b-99f8-b49db9e5f820"><testcase classname="backend.tests.test_horvath_api" name="test_health" time="0.385" /><testcase classname="backend.tests.test_horvath_api" name="test_create_lead_whatsapp_and_persist" time="0.190" /><testcase classname="backend.tests.test_horvath_api" name="test_create_lead_email" time="0.080" /><testcase classname="backend.tests.test_horvath_api" name="test_list_leads_sorted_desc" time="0.111" /><testcase classname="backend.tests.test_horvath_api" name="test_create_lead_missing_name" time="0.136" /></testsuite></testsuites>